<?xml version="1.0" encoding="UTF-8"?>
<!-- Generated by org.testng.reporters.JUnitReportReporter -->
<testsuite hostname="MacBook-Air.local" failures="0" tests="4" name="com.entrata.test.entratatest" time="62.222" errors="0" timestamp="2024-02-11T02:41:39 IST" skipped="0">
  <testcase classname="com.entrata.test.entratatest" name="Verify_Signin_with_Email_ID" time="11.191"/>
  <system-out/>
  <testcase classname="com.entrata.test.entratatest" name="verify_with_ContactPage" time="21.897"/>
  <system-out/>
  <testcase classname="com.entrata.test.entratatest" name="Verify_SignIn_With_password" time="16.069"/>
  <system-out/>
  <testcase classname="com.entrata.test.entratatest" name="verify_WithInvalid_credentail" time="13.065"/>
  <system-out/>
</testsuite> <!-- com.entrata.test.entratatest -->
