<?xml version="1.0" encoding="UTF-8"?>
<!-- Generated by org.testng.reporters.JUnitReportReporter -->
<testsuite hostname="DESKTOP-KLMECSG" failures="0" tests="4" name="com.entrata.test.entratatest" time="69.111" errors="0" timestamp="2024-02-11T15:29:18 IST" skipped="0">
  <testcase classname="com.entrata.test.entratatest" name="verify_with_ContactPage" time="26.460"/>
  <testcase classname="com.entrata.test.entratatest" name="verify_WithInvalid_credentail" time="14.716"/>
  <testcase classname="com.entrata.test.entratatest" name="Verify_Signin_with_Email_ID" time="13.476"/>
  <testcase classname="com.entrata.test.entratatest" name="Verify_SignIn_With_password" time="14.459"/>
</testsuite> <!-- com.entrata.test.entratatest -->
